<?xml version="1.0" encoding="UTF-8"?>
<!-- Generated by org.testng.reporters.JUnitXMLReporter -->
<testsuite ignored="0" hostname="DESKTOP-L558MLK" failures="0" tests="9" name="Test" time="30.302" errors="0" timestamp="18 Apr 2023 09:57:51 GMT">
  <testcase classname="tests.web_tests.TVSubscription_Tests" name="checkTheClasses_SubscriptionTests" time="1.206"/>
  <testcase classname="tests.web_tests.TVSubscription_Tests" name="checkTheClasses_SubscriptionTests" time="1.1"/>
  <testcase classname="tests.web_tests.TVSubscription_Tests" name="checkTheClasses_SubscriptionTests" time="0.958"/>
  <testcase classname="tests.web_tests.TVSubscription_Tests" name="checkTheClasses_SubscriptionTests" time="4.366"/>
  <testcase classname="tests.web_tests.TVSubscription_Tests" name="checkTheClasses_SubscriptionTests" time="1.082"/>
  <testcase classname="tests.web_tests.TVSubscription_Tests" name="checkTheClasses_SubscriptionTests" time="0.575"/>
  <testcase classname="tests.web_tests.TVSubscription_Tests" name="checkTheClasses_SubscriptionTests" time="5.347"/>
  <testcase classname="tests.web_tests.TVSubscription_Tests" name="checkTheClasses_SubscriptionTests" time="0.47"/>
  <testcase classname="tests.web_tests.TVSubscription_Tests" name="checkTheClasses_SubscriptionTests" time="0.438"/>
</testsuite> <!-- Test -->
